
Words		Frequency 

              
 1523
            
if 320
       
midterm  8
           
why 400
               1073
                1361
          brown 2640
 congratulations 80
            did 480
            dog 3124
            fox 1765
          jumps 1200
           lazy 960
        midterm 1912
           over 960
          quick 1440
     recuperate 160
            the 2160
           then 80
             to 880
            why 160
              ! 400
              , 640
              . 1280
              ? 1360


